<?xml version="1.0" encoding="UTF-8"?>
<testng-results ignored="0" total="10" passed="10" failed="0" skipped="0">
  <reporter-output>
  </reporter-output>
  <suite started-at="2023-09-13T11:31:23Z" name="Suite" finished-at="2023-09-13T11:31:26Z" duration-ms="2765">
    <groups>
    </groups>
    <test started-at="2023-09-13T11:31:23Z" name="Test" finished-at="2023-09-13T11:31:25Z" duration-ms="2295">
      <class name="JSONAPI_Testing.APITesting">
        <test-method is-config="true" signature="beforeTest()[pri:0, instance:JSONAPI_Testing.APITesting@39ac0c0a]" started-at="2023-09-13T11:31:23Z" name="beforeTest" finished-at="2023-09-13T11:31:23Z" duration-ms="8" status="PASS">
          <reporter-output>
          </reporter-output>
        </test-method> <!-- beforeTest -->
        <test-method signature="postResource(java.lang.String)[pri:0, instance:JSONAPI_Testing.APITesting@39ac0c0a]" started-at="2023-09-13T11:31:23Z" name="postResource" finished-at="2023-09-13T11:31:25Z" duration-ms="2269" status="PASS">
          <params>
            <param index="0">
              <value>
                <![CDATA[prop_set1]]>
              </value>
            </param>
          </params>
          <reporter-output>
          </reporter-output>
        </test-method> <!-- postResource -->
        <test-method signature="putResource(java.lang.String)[pri:0, instance:JSONAPI_Testing.APITesting@39ac0c0a]" started-at="2023-09-13T11:31:23Z" name="putResource" finished-at="2023-09-13T11:31:25Z" duration-ms="2268" status="PASS">
          <params>
            <param index="0">
              <value>
                <![CDATA[prop_set1]]>
              </value>
            </param>
          </params>
          <reporter-output>
          </reporter-output>
        </test-method> <!-- putResource -->
        <test-method signature="getAllResources()[pri:0, instance:JSONAPI_Testing.APITesting@39ac0c0a]" started-at="2023-09-13T11:31:23Z" name="getAllResources" finished-at="2023-09-13T11:31:25Z" duration-ms="2269" status="PASS">
          <reporter-output>
          </reporter-output>
        </test-method> <!-- getAllResources -->
        <test-method signature="patchResource(java.lang.String)[pri:0, instance:JSONAPI_Testing.APITesting@39ac0c0a]" started-at="2023-09-13T11:31:23Z" name="patchResource" finished-at="2023-09-13T11:31:25Z" duration-ms="2269" status="PASS">
          <params>
            <param index="0">
              <value>
                <![CDATA[prop_set1]]>
              </value>
            </param>
          </params>
          <reporter-output>
          </reporter-output>
        </test-method> <!-- patchResource -->
        <test-method signature="deleteResource(java.lang.String)[pri:0, instance:JSONAPI_Testing.APITesting@39ac0c0a]" started-at="2023-09-13T11:31:23Z" name="deleteResource" finished-at="2023-09-13T11:31:25Z" duration-ms="1845" status="PASS">
          <params>
            <param index="0">
              <value>
                <![CDATA[prop_set1]]>
              </value>
            </param>
          </params>
          <reporter-output>
          </reporter-output>
        </test-method> <!-- deleteResource -->
      </class> <!-- JSONAPI_Testing.APITesting -->
    </test> <!-- Test -->
    <test started-at="2023-09-13T11:31:25Z" name="Test2" finished-at="2023-09-13T11:31:26Z" duration-ms="442">
      <class name="JSONAPI_Testing.APITesting">
        <test-method is-config="true" signature="beforeTest()[pri:0, instance:JSONAPI_Testing.APITesting@6cc558c6]" started-at="2023-09-13T11:31:25Z" name="beforeTest" finished-at="2023-09-13T11:31:25Z" duration-ms="1" status="PASS">
          <reporter-output>
          </reporter-output>
        </test-method> <!-- beforeTest -->
        <test-method signature="getAllResources()[pri:0, instance:JSONAPI_Testing.APITesting@6cc558c6]" started-at="2023-09-13T11:31:25Z" name="getAllResources" finished-at="2023-09-13T11:31:26Z" duration-ms="172" status="PASS">
          <reporter-output>
          </reporter-output>
        </test-method> <!-- getAllResources -->
        <test-method signature="putResource(java.lang.String)[pri:0, instance:JSONAPI_Testing.APITesting@6cc558c6]" started-at="2023-09-13T11:31:25Z" name="putResource" finished-at="2023-09-13T11:31:26Z" duration-ms="343" status="PASS">
          <params>
            <param index="0">
              <value>
                <![CDATA[prop_set2]]>
              </value>
            </param>
          </params>
          <reporter-output>
          </reporter-output>
        </test-method> <!-- putResource -->
        <test-method signature="postResource(java.lang.String)[pri:0, instance:JSONAPI_Testing.APITesting@6cc558c6]" started-at="2023-09-13T11:31:25Z" name="postResource" finished-at="2023-09-13T11:31:26Z" duration-ms="347" status="PASS">
          <params>
            <param index="0">
              <value>
                <![CDATA[prop_set2]]>
              </value>
            </param>
          </params>
          <reporter-output>
          </reporter-output>
        </test-method> <!-- postResource -->
        <test-method signature="patchResource(java.lang.String)[pri:0, instance:JSONAPI_Testing.APITesting@6cc558c6]" started-at="2023-09-13T11:31:25Z" name="patchResource" finished-at="2023-09-13T11:31:26Z" duration-ms="440" status="PASS">
          <params>
            <param index="0">
              <value>
                <![CDATA[prop_set2]]>
              </value>
            </param>
          </params>
          <reporter-output>
          </reporter-output>
        </test-method> <!-- patchResource -->
        <test-method signature="deleteResource(java.lang.String)[pri:0, instance:JSONAPI_Testing.APITesting@6cc558c6]" started-at="2023-09-13T11:31:25Z" name="deleteResource" finished-at="2023-09-13T11:31:26Z" duration-ms="292" status="PASS">
          <params>
            <param index="0">
              <value>
                <![CDATA[prop_set2]]>
              </value>
            </param>
          </params>
          <reporter-output>
          </reporter-output>
        </test-method> <!-- deleteResource -->
      </class> <!-- JSONAPI_Testing.APITesting -->
    </test> <!-- Test2 -->
  </suite> <!-- Suite -->
</testng-results>
