<?xml version="1.0" encoding="UTF-8"?>
<!-- Generated by org.testng.reporters.JUnitXMLReporter -->
<testsuite ignored="0" hostname="Lavanya" failures="0" tests="5" name="Test" time="2.295" errors="0" timestamp="13 Sep 2023 11:31:25 GMT">
  <testcase classname="JSONAPI_Testing.APITesting" name="deleteResource" time="1.845"/>
  <testcase classname="JSONAPI_Testing.APITesting" name="putResource" time="2.268"/>
  <testcase classname="JSONAPI_Testing.APITesting" name="postResource" time="2.269"/>
  <testcase classname="JSONAPI_Testing.APITesting" name="getAllResources" time="2.269"/>
  <testcase classname="JSONAPI_Testing.APITesting" name="patchResource" time="2.269"/>
</testsuite> <!-- Test -->
