<?xml version="1.0" encoding="UTF-8"?>
<!-- Generated by org.testng.reporters.JUnitXMLReporter -->
<testsuite ignored="0" hostname="Lavanya" failures="0" tests="5" name="Test2" time="0.442" errors="0" timestamp="13 Sep 2023 11:31:26 GMT">
  <testcase classname="JSONAPI_Testing.APITesting" name="getAllResources" time="0.172"/>
  <testcase classname="JSONAPI_Testing.APITesting" name="deleteResource" time="0.292"/>
  <testcase classname="JSONAPI_Testing.APITesting" name="putResource" time="0.343"/>
  <testcase classname="JSONAPI_Testing.APITesting" name="postResource" time="0.347"/>
  <testcase classname="JSONAPI_Testing.APITesting" name="patchResource" time="0.44"/>
</testsuite> <!-- Test2 -->
