<?xml version="1.0" encoding="UTF-8"?>
<!-- Generated by org.testng.reporters.JUnitXMLReporter -->
<testsuite ignored="0" hostname="Lavanya" failures="0" tests="5" name="Default test" time="3.683" errors="0" timestamp="13 Sep 2023 10:17:21 GMT">
  <testcase classname="JSONAPI_Testing.APITesting" name="deleteResource" time="1.28"/>
  <testcase classname="JSONAPI_Testing.APITesting" name="getAllResources" time="0.599"/>
  <testcase classname="JSONAPI_Testing.APITesting" name="patchResource" time="0.76"/>
  <testcase classname="JSONAPI_Testing.APITesting" name="postResource" time="0.589"/>
  <testcase classname="JSONAPI_Testing.APITesting" name="putResource" time="0.43"/>
</testsuite> <!-- Default test -->
